<?xml version="1.0" encoding="UTF-8"?>
<testng-results ignored="0" total="1" passed="1" failed="0" skipped="0">
  <reporter-output>
  </reporter-output>
  <suite started-at="2022-04-15T10:36:48 IST" name="Default suite" finished-at="2022-04-15T10:36:56 IST" duration-ms="8414">
    <groups>
    </groups>
    <test started-at="2022-04-15T10:36:48 IST" name="Default test" finished-at="2022-04-15T10:36:56 IST" duration-ms="8414">
      <class name="com.zoho.tests.LoginTest">
        <test-method signature="loginTest()[pri:0, instance:com.zoho.tests.LoginTest@3514a4c0]" started-at="2022-04-15T10:36:48 IST" name="loginTest" finished-at="2022-04-15T10:36:56 IST" duration-ms="8380" status="PASS">
          <reporter-output>
          </reporter-output>
        </test-method> <!-- loginTest -->
      </class> <!-- com.zoho.tests.LoginTest -->
    </test> <!-- Default test -->
  </suite> <!-- Default suite -->
</testng-results>
